<?xml version="1.0" encoding="UTF-8"?>
<!-- Generated by org.testng.reporters.JUnitReportReporter -->
<testsuite hostname="LTIN181967" failures="0" tests="4" name="BikesNCars.TestUpcomingBike" time="12.950" errors="0" timestamp="2022-01-03T17:17:07 IST" skipped="0">
  <testcase classname="BikesNCars.TestUpcomingBike" name="mouseHover" time="7.727"/>
  <system-out/>
  <testcase classname="BikesNCars.TestUpcomingBike" name="selectManufacturer" time="1.241"/>
  <system-out/>
  <testcase classname="BikesNCars.TestUpcomingBike" name="viewMore" time="2.423"/>
  <system-out/>
  <testcase classname="BikesNCars.TestUpcomingBike" name="bikesUnder4Lakhs" time="1.559"/>
  <system-out/>
</testsuite> <!-- BikesNCars.TestUpcomingBike -->
