<?xml version="1.0" encoding="UTF-8"?>
<!-- Generated by org.testng.reporters.JUnitReportReporter -->
<testsuite hostname="LTIN181967" failures="0" tests="1" name="BikesNCars.upcomingbikes" time="38.324" errors="0" timestamp="2022-01-02T11:12:42 IST" skipped="0">
  <testcase classname="BikesNCars.upcomingbikes" name="bikes" time="38.324"/>
  <system-out/>
</testsuite> <!-- BikesNCars.upcomingbikes -->
