<?xml version="1.0" encoding="UTF-8"?>
<!-- Generated by org.testng.reporters.JUnitReportReporter -->
<testsuite hostname="LTIN181967" failures="0" tests="2" name="BikesNCars.NewBikes" time="20.979" errors="0" timestamp="2022-01-02T15:36:25 IST" skipped="0">
  <testcase classname="BikesNCars.NewBikes" name="openBrowser" time="7.262"/>
  <system-out/>
  <testcase classname="BikesNCars.NewBikes" name="search" time="13.717"/>
  <system-out/>
</testsuite> <!-- BikesNCars.NewBikes -->
