<?xml version="1.0" encoding="UTF-8"?>
<!-- Generated by org.testng.reporters.JUnitReportReporter -->
<testsuite hostname="LTIN181967" failures="0" tests="3" name="BikesNCars.TestLoginPage" time="15.322" errors="0" timestamp="2022-01-03T17:17:07 IST" skipped="0">
  <testcase classname="BikesNCars.TestLoginPage" name="openLoginPage" time="7.244"/>
  <system-out/>
  <testcase classname="BikesNCars.TestLoginPage" name="invalidEmailId" time="4.729"/>
  <system-out/>
  <testcase classname="BikesNCars.TestLoginPage" name="blankEmailId" time="3.349"/>
  <system-out/>
</testsuite> <!-- BikesNCars.TestLoginPage -->
