<?xml version="1.0" encoding="UTF-8"?>
<!-- Generated by org.testng.reporters.JUnitReportReporter -->
<testsuite hostname="LTIN181967" failures="0" tests="1" name="BikesNCars.TestUsedCars" time="4.864" errors="0" timestamp="2022-01-03T17:17:07 IST" skipped="0">
  <testcase classname="BikesNCars.TestUsedCars" name="usedCars" time="4.864"/>
  <system-out/>
</testsuite> <!-- BikesNCars.TestUsedCars -->
