<?xml version="1.0" encoding="UTF-8"?>
<!-- Generated by org.testng.reporters.JUnitReportReporter -->
<testsuite hostname="LTIN181967" failures="0" tests="2" name="BikesNCars.TestNewBikes" time="16.981" errors="0" timestamp="2022-01-03T17:17:07 IST" skipped="0">
  <testcase classname="BikesNCars.TestNewBikes" name="openBrowser" time="3.810"/>
  <system-out/>
  <testcase classname="BikesNCars.TestNewBikes" name="search" time="13.171"/>
  <system-out/>
</testsuite> <!-- BikesNCars.TestNewBikes -->
