<?xml version="1.0" encoding="UTF-8"?>
<!-- Generated by org.testng.reporters.JUnitReportReporter -->
<testsuite hostname="LTIN181967" failures="0" tests="3" name="BikesNCars.ZigWheels" time="48.398" errors="0" timestamp="2022-01-02T12:21:32 IST" skipped="0">
  <testcase classname="BikesNCars.ZigWheels" name="search" time="20.207"/>
  <system-out/>
  <testcase classname="BikesNCars.ZigWheels" name="NewBikes" time="9.792"/>
  <system-out/>
  <testcase classname="BikesNCars.ZigWheels" name="upComingBikes" time="18.399"/>
  <system-out/>
</testsuite> <!-- BikesNCars.ZigWheels -->
